# JRE version: Java(TM) SE Runtime Environment (8.0_121-b13) (build 1.8.0_121-b13)
# Java VM: Java HotSpot(TM) 64-Bit Server VM (25.121-b13 mixed mode bsd-amd64 compressed oops)
Heap:
 PSYoungGen      total 320512K, used 299301K [0x0000000795580000, 0x00000007b0400000, 0x00000007c0000000)
  eden space 309248K, 93% used [0x0000000795580000,0x00000007a6ecd208,0x00000007a8380000)
  from space 11264K, 99% used [0x00000007a8380000,0x00000007a8e7c510,0x00000007a8e80000)
  to   space 15872K, 0% used [0x00000007af480000,0x00000007af480000,0x00000007b0400000)
 ParOldGen       total 66048K, used 22247K [0x0000000740000000, 0x0000000744080000, 0x0000000795580000)
  object space 66048K, 33% used [0x0000000740000000,0x00000007415b9d70,0x0000000744080000)
 Metaspace       used 43719K, capacity 44322K, committed 44800K, reserved 1087488K
  class space    used 5904K, capacity 6095K, committed 6144K, reserved 1048576K
GC Heap History (10 events):
Event: 27.656 GC heap before
{Heap before GC invocations=15 (full 1):
 PSYoungGen      total 170496K, used 170483K [0x0000000795580000, 0x00000007a3980000, 0x00000007c0000000)
  eden space 163328K, 100% used [0x0000000795580000,0x000000079f500000,0x000000079f500000)
  from space 7168K, 99% used [0x000000079f500000,0x000000079fbfce18,0x000000079fc00000)
  to   space 8704K, 0% used [0x00000007a3100000,0x00000007a3100000,0x00000007a3980000)
 ParOldGen       total 52224K, used 12354K [0x0000000740000000, 0x0000000743300000, 0x0000000795580000)
  object space 52224K, 23% used [0x0000000740000000,0x0000000740c10b30,0x0000000743300000)
 Metaspace       used 31296K, capacity 31652K, committed 31872K, reserved 1077248K
  class space    used 4293K, capacity 4423K, committed 4480K, reserved 1048576K
Event: 27.668 GC heap after
Heap after GC invocations=15 (full 1):
 PSYoungGen      total 224256K, used 6859K [0x0000000795580000, 0x00000007a4700000, 0x00000007c0000000)
  eden space 215552K, 0% used [0x0000000795580000,0x0000000795580000,0x00000007a2800000)
  from space 8704K, 78% used [0x00000007a3100000,0x00000007a37b2e18,0x00000007a3980000)
  to   space 9216K, 0% used [0x00000007a2800000,0x00000007a2800000,0x00000007a3100000)
 ParOldGen       total 52224K, used 14528K [0x0000000740000000, 0x0000000743300000, 0x0000000795580000)
  object space 52224K, 27% used [0x0000000740000000,0x0000000740e30330,0x0000000743300000)
 Metaspace       used 31296K, capacity 31652K, committed 31872K, reserved 1077248K
  class space    used 4293K, capacity 4423K, committed 4480K, reserved 1048576K
}
Event: 28.689 GC heap before
{Heap before GC invocations=16 (full 1):
 PSYoungGen      total 224256K, used 222411K [0x0000000795580000, 0x00000007a4700000, 0x00000007c0000000)
  eden space 215552K, 100% used [0x0000000795580000,0x00000007a2800000,0x00000007a2800000)
  from space 8704K, 78% used [0x00000007a3100000,0x00000007a37b2e18,0x00000007a3980000)
  to   space 9216K, 0% used [0x00000007a2800000,0x00000007a2800000,0x00000007a3100000)
 ParOldGen       total 52224K, used 14528K [0x0000000740000000, 0x0000000743300000, 0x0000000795580000)
  object space 52224K, 27% used [0x0000000740000000,0x0000000740e30330,0x0000000743300000)
 Metaspace       used 34151K, capacity 34670K, committed 34816K, reserved 1079296K
  class space    used 4699K, capacity 4858K, committed 4864K, reserved 1048576K
Event: 28.708 GC heap after
Heap after GC invocations=16 (full 1):
 PSYoungGen      total 224768K, used 9203K [0x0000000795580000, 0x00000007a9980000, 0x00000007c0000000)
  eden space 215552K, 0% used [0x0000000795580000,0x0000000795580000,0x00000007a2800000)
  from space 9216K, 99% used [0x00000007a2800000,0x00000007a30fcd28,0x00000007a3100000)
  to   space 11264K, 0% used [0x00000007a8e80000,0x00000007a8e80000,0x00000007a9980000)
 ParOldGen       total 52224K, used 16672K [0x0000000740000000, 0x0000000743300000, 0x0000000795580000)
  object space 52224K, 31% used [0x0000000740000000,0x0000000741048250,0x0000000743300000)
 Metaspace       used 34151K, capacity 34670K, committed 34816K, reserved 1079296K
  class space    used 4699K, capacity 4858K, committed 4864K, reserved 1048576K
}
Event: 28.883 GC heap before
{Heap before GC invocations=17 (full 1):
 PSYoungGen      total 224768K, used 42008K [0x0000000795580000, 0x00000007a9980000, 0x00000007c0000000)
  eden space 215552K, 15% used [0x0000000795580000,0x0000000797589358,0x00000007a2800000)
  from space 9216K, 99% used [0x00000007a2800000,0x00000007a30fcd28,0x00000007a3100000)
  to   space 11264K, 0% used [0x00000007a8e80000,0x00000007a8e80000,0x00000007a9980000)
 ParOldGen       total 52224K, used 16672K [0x0000000740000000, 0x0000000743300000, 0x0000000795580000)
  object space 52224K, 31% used [0x0000000740000000,0x0000000741048250,0x0000000743300000)
 Metaspace       used 34662K, capacity 35162K, committed 35456K, reserved 1079296K
  class space    used 4753K, capacity 4892K, committed 4992K, reserved 1048576K
Event: 28.891 GC heap after
Heap after GC invocations=17 (full 1):
 PSYoungGen      total 320512K, used 1550K [0x0000000795580000, 0x00000007aa680000, 0x00000007c0000000)
  eden space 309248K, 0% used [0x0000000795580000,0x0000000795580000,0x00000007a8380000)
  from space 11264K, 13% used [0x00000007a8e80000,0x00000007a9003ac8,0x00000007a9980000)
  to   space 11264K, 0% used [0x00000007a8380000,0x00000007a8380000,0x00000007a8e80000)
 ParOldGen       total 52224K, used 20366K [0x0000000740000000, 0x0000000743300000, 0x0000000795580000)
  object space 52224K, 38% used [0x0000000740000000,0x00000007413e3808,0x0000000743300000)
 Metaspace       used 34662K, capacity 35162K, committed 35456K, reserved 1079296K
  class space    used 4753K, capacity 4892K, committed 4992K, reserved 1048576K
}
Event: 28.891 GC heap before
{Heap before GC invocations=18 (full 2):
 PSYoungGen      total 320512K, used 1550K [0x0000000795580000, 0x00000007aa680000, 0x00000007c0000000)
  eden space 309248K, 0% used [0x0000000795580000,0x0000000795580000,0x00000007a8380000)
  from space 11264K, 13% used [0x00000007a8e80000,0x00000007a9003ac8,0x00000007a9980000)
  to   space 11264K, 0% used [0x00000007a8380000,0x00000007a8380000,0x00000007a8e80000)
 ParOldGen       total 52224K, used 20366K [0x0000000740000000, 0x0000000743300000, 0x0000000795580000)
  object space 52224K, 38% used [0x0000000740000000,0x00000007413e3808,0x0000000743300000)
 Metaspace       used 34662K, capacity 35162K, committed 35456K, reserved 1079296K
  class space    used 4753K, capacity 4892K, committed 4992K, reserved 1048576K
Event: 28.960 GC heap after
Heap after GC invocations=18 (full 2):
 PSYoungGen      total 320512K, used 0K [0x0000000795580000, 0x00000007aa680000, 0x00000007c0000000)
  eden space 309248K, 0% used [0x0000000795580000,0x0000000795580000,0x00000007a8380000)
  from space 11264K, 0% used [0x00000007a8e80000,0x00000007a8e80000,0x00000007a9980000)
  to   space 11264K, 0% used [0x00000007a8380000,0x00000007a8380000,0x00000007a8e80000)
 ParOldGen       total 66048K, used 14093K [0x0000000740000000, 0x0000000744080000, 0x0000000795580000)
  object space 66048K, 21% used [0x0000000740000000,0x0000000740dc3530,0x0000000744080000)
 Metaspace       used 34662K, capacity 35162K, committed 35456K, reserved 1079296K
  class space    used 4753K, capacity 4892K, committed 4992K, reserved 1048576K
}
Event: 30.652 GC heap before
{Heap before GC invocations=19 (full 2):
 PSYoungGen      total 320512K, used 309248K [0x0000000795580000, 0x00000007aa680000, 0x00000007c0000000)
  eden space 309248K, 100% used [0x0000000795580000,0x00000007a8380000,0x00000007a8380000)
  from space 11264K, 0% used [0x00000007a8e80000,0x00000007a8e80000,0x00000007a9980000)
  to   space 11264K, 0% used [0x00000007a8380000,0x00000007a8380000,0x00000007a8e80000)
 ParOldGen       total 66048K, used 14093K [0x0000000740000000, 0x0000000744080000, 0x0000000795580000)
  object space 66048K, 21% used [0x0000000740000000,0x0000000740dc3530,0x0000000744080000)
 Metaspace       used 40518K, capacity 41016K, committed 41344K, reserved 1085440K
  class space    used 5553K, capacity 5704K, committed 5760K, reserved 1048576K
Event: 30.670 GC heap after
Heap after GC invocations=19 (full 2):
 PSYoungGen      total 320512K, used 11249K [0x0000000795580000, 0x00000007b0400000, 0x00000007c0000000)
  eden space 309248K, 0% used [0x0000000795580000,0x0000000795580000,0x00000007a8380000)
  from space 11264K, 99% used [0x00000007a8380000,0x00000007a8e7c510,0x00000007a8e80000)
  to   space 15872K, 0% used [0x00000007af480000,0x00000007af480000,0x00000007b0400000)
 ParOldGen       total 66048K, used 22247K [0x0000000740000000, 0x0000000744080000, 0x0000000795580000)
  object space 66048K, 33% used [0x0000000740000000,0x00000007415b9d70,0x0000000744080000)
 Metaspace       used 40518K, capacity 41016K, committed 41344K, reserved 1085440K
  class space    used 5553K, capacity 5704K, committed 5760K, reserved 1048576K
}

