# JRE version: Java(TM) SE Runtime Environment (8.0_121-b13) (build 1.8.0_121-b13)
# Java VM: Java HotSpot(TM) 64-Bit Server VM (25.121-b13 mixed mode bsd-amd64 compressed oops)
Heap:
 PSYoungGen      total 325632K, used 36837K [0x0000000795580000, 0x00000007afd00000, 0x00000007c0000000)
  eden space 310784K, 8% used [0x0000000795580000,0x0000000796ef6bb0,0x00000007a8500000)
  from space 14848K, 72% used [0x00000007a8500000,0x00000007a8f82a20,0x00000007a9380000)
  to   space 15360K, 0% used [0x00000007aee00000,0x00000007aee00000,0x00000007afd00000)
 ParOldGen       total 72192K, used 30232K [0x0000000740000000, 0x0000000744680000, 0x0000000795580000)
  object space 72192K, 41% used [0x0000000740000000,0x0000000741d86118,0x0000000744680000)
 Metaspace       used 43368K, capacity 44000K, committed 44288K, reserved 1087488K
  class space    used 5923K, capacity 6103K, committed 6144K, reserved 1048576K
GC Heap History (10 events):
Event: 25.871 GC heap before
{Heap before GC invocations=15 (full 1):
 PSYoungGen      total 171520K, used 171502K [0x0000000795580000, 0x00000007a3b00000, 0x00000007c0000000)
  eden space 164352K, 100% used [0x0000000795580000,0x000000079f600000,0x000000079f600000)
  from space 7168K, 99% used [0x000000079f600000,0x000000079fcfbb68,0x000000079fd00000)
  to   space 8704K, 0% used [0x00000007a3280000,0x00000007a3280000,0x00000007a3b00000)
 ParOldGen       total 50688K, used 10931K [0x0000000740000000, 0x0000000743180000, 0x0000000795580000)
  object space 50688K, 21% used [0x0000000740000000,0x0000000740aaccd0,0x0000000743180000)
 Metaspace       used 31621K, capacity 32200K, committed 32512K, reserved 1077248K
  class space    used 4339K, capacity 4500K, committed 4608K, reserved 1048576K
Event: 25.881 GC heap after
Heap after GC invocations=15 (full 1):
 PSYoungGen      total 225792K, used 7795K [0x0000000795580000, 0x00000007a4900000, 0x00000007c0000000)
  eden space 217088K, 0% used [0x0000000795580000,0x0000000795580000,0x00000007a2980000)
  from space 8704K, 89% used [0x00000007a3280000,0x00000007a3a1cc90,0x00000007a3b00000)
  to   space 9216K, 0% used [0x00000007a2980000,0x00000007a2980000,0x00000007a3280000)
 ParOldGen       total 50688K, used 12929K [0x0000000740000000, 0x0000000743180000, 0x0000000795580000)
  object space 50688K, 25% used [0x0000000740000000,0x0000000740ca05a8,0x0000000743180000)
 Metaspace       used 31621K, capacity 32200K, committed 32512K, reserved 1077248K
  class space    used 4339K, capacity 4500K, committed 4608K, reserved 1048576K
}
Event: 26.517 GC heap before
{Heap before GC invocations=16 (full 1):
 PSYoungGen      total 225792K, used 218927K [0x0000000795580000, 0x00000007a4900000, 0x00000007c0000000)
  eden space 217088K, 97% used [0x0000000795580000,0x00000007a23af030,0x00000007a2980000)
  from space 8704K, 89% used [0x00000007a3280000,0x00000007a3a1cc90,0x00000007a3b00000)
  to   space 9216K, 0% used [0x00000007a2980000,0x00000007a2980000,0x00000007a3280000)
 ParOldGen       total 50688K, used 12929K [0x0000000740000000, 0x0000000743180000, 0x0000000795580000)
  object space 50688K, 25% used [0x0000000740000000,0x0000000740ca05a8,0x0000000743180000)
 Metaspace       used 34776K, capacity 35290K, committed 35456K, reserved 1079296K
  class space    used 4786K, capacity 4926K, committed 4992K, reserved 1048576K
Event: 26.533 GC heap after
Heap after GC invocations=16 (full 1):
 PSYoungGen      total 226304K, used 9208K [0x0000000795580000, 0x00000007a9f00000, 0x00000007c0000000)
  eden space 217088K, 0% used [0x0000000795580000,0x0000000795580000,0x00000007a2980000)
  from space 9216K, 99% used [0x00000007a2980000,0x00000007a327e1f0,0x00000007a3280000)
  to   space 11776K, 0% used [0x00000007a9380000,0x00000007a9380000,0x00000007a9f00000)
 ParOldGen       total 50688K, used 15846K [0x0000000740000000, 0x0000000743180000, 0x0000000795580000)
  object space 50688K, 31% used [0x0000000740000000,0x0000000740f79bb8,0x0000000743180000)
 Metaspace       used 34776K, capacity 35290K, committed 35456K, reserved 1079296K
  class space    used 4786K, capacity 4926K, committed 4992K, reserved 1048576K
}
Event: 26.533 GC heap before
{Heap before GC invocations=17 (full 2):
 PSYoungGen      total 226304K, used 9208K [0x0000000795580000, 0x00000007a9f00000, 0x00000007c0000000)
  eden space 217088K, 0% used [0x0000000795580000,0x0000000795580000,0x00000007a2980000)
  from space 9216K, 99% used [0x00000007a2980000,0x00000007a327e1f0,0x00000007a3280000)
  to   space 11776K, 0% used [0x00000007a9380000,0x00000007a9380000,0x00000007a9f00000)
 ParOldGen       total 50688K, used 15846K [0x0000000740000000, 0x0000000743180000, 0x0000000795580000)
  object space 50688K, 31% used [0x0000000740000000,0x0000000740f79bb8,0x0000000743180000)
 Metaspace       used 34776K, capacity 35290K, committed 35456K, reserved 1079296K
  class space    used 4786K, capacity 4926K, committed 4992K, reserved 1048576K
Event: 26.593 GC heap after
Heap after GC invocations=17 (full 2):
 PSYoungGen      total 226304K, used 0K [0x0000000795580000, 0x00000007a9f00000, 0x00000007c0000000)
  eden space 217088K, 0% used [0x0000000795580000,0x0000000795580000,0x00000007a2980000)
  from space 9216K, 0% used [0x00000007a2980000,0x00000007a2980000,0x00000007a3280000)
  to   space 11776K, 0% used [0x00000007a9380000,0x00000007a9380000,0x00000007a9f00000)
 ParOldGen       total 72192K, used 19493K [0x0000000740000000, 0x0000000744680000, 0x0000000795580000)
  object space 72192K, 27% used [0x0000000740000000,0x00000007413097d0,0x0000000744680000)
 Metaspace       used 34776K, capacity 35290K, committed 35456K, reserved 1079296K
  class space    used 4786K, capacity 4926K, committed 4992K, reserved 1048576K
}
Event: 27.394 GC heap before
{Heap before GC invocations=18 (full 2):
 PSYoungGen      total 226304K, used 217088K [0x0000000795580000, 0x00000007a9f00000, 0x00000007c0000000)
  eden space 217088K, 100% used [0x0000000795580000,0x00000007a2980000,0x00000007a2980000)
  from space 9216K, 0% used [0x00000007a2980000,0x00000007a2980000,0x00000007a3280000)
  to   space 11776K, 0% used [0x00000007a9380000,0x00000007a9380000,0x00000007a9f00000)
 ParOldGen       total 72192K, used 19493K [0x0000000740000000, 0x0000000744680000, 0x0000000795580000)
  object space 72192K, 27% used [0x0000000740000000,0x00000007413097d0,0x0000000744680000)
 Metaspace       used 39061K, capacity 39724K, committed 39936K, reserved 1083392K
  class space    used 5355K, capacity 5544K, committed 5632K, reserved 1048576K
Event: 27.415 GC heap after
Heap after GC invocations=18 (full 2):
 PSYoungGen      total 322560K, used 11772K [0x0000000795580000, 0x00000007aab80000, 0x00000007c0000000)
  eden space 310784K, 0% used [0x0000000795580000,0x0000000795580000,0x00000007a8500000)
  from space 11776K, 99% used [0x00000007a9380000,0x00000007a9eff190,0x00000007a9f00000)
  to   space 14848K, 0% used [0x00000007a8500000,0x00000007a8500000,0x00000007a9380000)
 ParOldGen       total 72192K, used 23094K [0x0000000740000000, 0x0000000744680000, 0x0000000795580000)
  object space 72192K, 31% used [0x0000000740000000,0x000000074168da38,0x0000000744680000)
 Metaspace       used 39061K, capacity 39724K, committed 39936K, reserved 1083392K
  class space    used 5355K, capacity 5544K, committed 5632K, reserved 1048576K
}
Event: 317.046 GC heap before
{Heap before GC invocations=19 (full 2):
 PSYoungGen      total 322560K, used 322556K [0x0000000795580000, 0x00000007aab80000, 0x00000007c0000000)
  eden space 310784K, 100% used [0x0000000795580000,0x00000007a8500000,0x00000007a8500000)
  from space 11776K, 99% used [0x00000007a9380000,0x00000007a9eff190,0x00000007a9f00000)
  to   space 14848K, 0% used [0x00000007a8500000,0x00000007a8500000,0x00000007a9380000)
 ParOldGen       total 72192K, used 23094K [0x0000000740000000, 0x0000000744680000, 0x0000000795580000)
  object space 72192K, 31% used [0x0000000740000000,0x000000074168da38,0x0000000744680000)
 Metaspace       used 43234K, capacity 43872K, committed 44032K, reserved 1087488K
  class space    used 5916K, capacity 6103K, committed 6144K, reserved 1048576K
Event: 317.066 GC heap after
Heap after GC invocations=19 (full 2):
 PSYoungGen      total 325632K, used 10762K [0x0000000795580000, 0x00000007afd00000, 0x00000007c0000000)
  eden space 310784K, 0% used [0x0000000795580000,0x0000000795580000,0x00000007a8500000)
  from space 14848K, 72% used [0x00000007a8500000,0x00000007a8f82a20,0x00000007a9380000)
  to   space 15360K, 0% used [0x00000007aee00000,0x00000007aee00000,0x00000007afd00000)
 ParOldGen       total 72192K, used 30232K [0x0000000740000000, 0x0000000744680000, 0x0000000795580000)
  object space 72192K, 41% used [0x0000000740000000,0x0000000741d86118,0x0000000744680000)
 Metaspace       used 43234K, capacity 43872K, committed 44032K, reserved 1087488K
  class space    used 5916K, capacity 6103K, committed 6144K, reserved 1048576K
}

